<?xml version="1.0" encoding="UTF-8" ?>
<testsuite tests="11" failures="0" name="TestSuite" time="36.703" errors="0" skipped="0">
  <properties>
    <property name="java.runtime.name" value="Java(TM) SE Runtime Environment"/>
    <property name="java.vm.version" value="14.0.2+12-46"/>
    <property name="sun.boot.library.path" value="C:\Program Files\Java\jdk-14.0.2\bin"/>
    <property name="maven.multiModuleProjectDirectory" value="C:\Users\rubel\Desktop\prajCraigslistWithTestNG-20200718T032817Z-001\craigsList July 26\craigsList"/>
    <property name="java.vm.vendor" value="Oracle Corporation"/>
    <property name="java.vendor.url" value="https://java.oracle.com/"/>
    <property name="guice.disable.misplaced.annotation.check" value="true"/>
    <property name="path.separator" value=";"/>
    <property name="java.vm.name" value="Java HotSpot(TM) 64-Bit Server VM"/>
    <property name="sun.os.patch.level" value=""/>
    <property name="user.script" value=""/>
    <property name="user.country" value="US"/>
    <property name="sun.java.launcher" value="SUN_STANDARD"/>
    <property name="java.vm.specification.name" value="Java Virtual Machine Specification"/>
    <property name="user.dir" value="C:\Users\rubel\Desktop\prajCraigslistWithTestNG-20200718T032817Z-001\craigsList July 26\craigsList"/>
    <property name="java.vm.compressedOopsMode" value="Zero based"/>
    <property name="java.runtime.version" value="14.0.2+12-46"/>
    <property name="os.arch" value="amd64"/>
    <property name="java.io.tmpdir" value="C:\Users\rubel\AppData\Local\Temp\"/>
    <property name="line.separator" value="
"/>
    <property name="java.vm.specification.vendor" value="Oracle Corporation"/>
    <property name="user.variant" value=""/>
    <property name="os.name" value="Windows 10"/>
    <property name="classworlds.conf" value="C:\Users\rubel\eclipse-workspace\.metadata\.plugins\org.eclipse.m2e.launching\launches\m2conf9401506058145359191.tmp"/>
    <property name="sun.jnu.encoding" value="Cp1252"/>
    <property name="java.library.path" value="C:\Program Files\Java\jdk-14.0.2\bin;C:\windows\Sun\Java\bin;C:\windows\system32;C:\windows;C:/Program Files/Java/jdk-14.0.2/bin/server;C:/Program Files/Java/jdk-14.0.2/bin;C:\windows\system32;C:\windows;C:\windows\System32\Wbem;C:\windows\System32\WindowsPowerShell\v1.0\;C:\windows\System32\OpenSSH\;C:\Program Files (x86)\NVIDIA Corporation\PhysX\Common;C:\Program Files\NVIDIA Corporation\NVIDIA NvDLISR;C:\Java\apache-maven-3.6.3\bin;C:\Program Files\Java\jdk-14.0.2\bin;C:\Users\rubel\AppData\Local\Microsoft\WindowsApps;;C:\windows\system32;;."/>
    <property name="jdk.debug" value="release"/>
    <property name="java.class.version" value="58.0"/>
    <property name="java.specification.name" value="Java Platform API Specification"/>
    <property name="sun.management.compiler" value="HotSpot 64-Bit Tiered Compilers"/>
    <property name="os.version" value="10.0"/>
    <property name="user.home" value="C:\Users\rubel"/>
    <property name="user.timezone" value="America/Chicago"/>
    <property name="file.encoding" value="Cp1252"/>
    <property name="java.specification.version" value="14"/>
    <property name="user.name" value="rubel"/>
    <property name="java.class.path" value="C:\Users\rubel\.p2\pool\plugins\org.eclipse.m2e.maven.runtime_1.16.0.20200610-1735\jars\plexus-classworlds-2.6.0.jar"/>
    <property name="java.vm.specification.version" value="14"/>
    <property name="sun.arch.data.model" value="64"/>
    <property name="sun.java.command" value="org.codehaus.plexus.classworlds.launcher.Launcher -B test"/>
    <property name="java.home" value="C:\Program Files\Java\jdk-14.0.2"/>
    <property name="user.language" value="en"/>
    <property name="java.specification.vendor" value="Oracle Corporation"/>
    <property name="java.vm.info" value="mixed mode, sharing"/>
    <property name="java.version" value="14.0.2"/>
    <property name="java.vendor" value="Oracle Corporation"/>
    <property name="maven.home" value="C:\Users\rubel\Desktop\prajCraigslistWithTestNG-20200718T032817Z-001\craigsList July 26\craigsList\EMBEDDED"/>
    <property name="file.separator" value="\"/>
    <property name="java.version.date" value="2020-07-14"/>
    <property name="java.vendor.url.bug" value="https://bugreport.java.com/bugreport/"/>
    <property name="sun.io.unicode.encoding" value="UnicodeLittle"/>
    <property name="sun.cpu.endian" value="little"/>
    <property name="sun.cpu.isalist" value="amd64"/>
  </properties>
  <testcase classname="testCases.Test_City_IsDisplayed" name="verifyTest_City_IsDisplayed" time="2.455"/>
  <testcase classname="testCases.Test_City_IsDisplayed" name="verify_test_city_isEnabled_in_the_search_filter_page" time="0.034"/>
  <testcase classname="testCases.Test_Count_All_The_Search_List_Item" name="Count_All_The_Search_List_Item" time="1.442"/>
  <testcase classname="testCases.Test_Gallery_Menu" name="Gallery_Menu" time="1.383"/>
  <testcase classname="testCases.Test_Gallery_Menu" name="gallery" time="0.407"/>
  <testcase classname="testCases.Test_Language_Change_E2E" name="Language_Change" time="26.047"/>
  <testcase classname="testCases.Test_Newest_Menu_Contains" name="Newest_Menu_Contains" time="1.092"/>
  <testcase classname="testCases.Test_Save_Search_Properly" name="Save_Search_IsDisplayed" time="3.677"/>
  <testcase classname="testCases.Test_Verfi_See" name="link" time="0"/>
  <testcase classname="testCases.Test_Verify_Event_Calender" name="Verify_event_calendar_link_is_displayed" time="0.103"/>
  <testcase classname="testCases.Test_Verify_Event_Calender" name="event_calendar_is_Clickable" time="0.063"/>
</testsuite>