<?xml version="1.0" encoding="UTF-8"?>
<!-- Generated by org.testng.reporters.JUnitReportReporter -->
<testsuite hostname="DESKTOP-EQ39BFP" failures="0" tests="1" name="testCases.Test_Count_All_The_Search_List_Item" time="1.442" errors="0" timestamp="2020-07-28T05:36:22 CDT" skipped="0">
  <testcase classname="testCases.Test_Count_All_The_Search_List_Item" name="Count_All_The_Search_List_Item" time="1.442"/>
  <system-out/>
</testsuite> <!-- testCases.Test_Count_All_The_Search_List_Item -->
