<?xml version="1.0" encoding="UTF-8"?>
<!-- Generated by org.testng.reporters.JUnitReportReporter -->
<testsuite hostname="DESKTOP-EQ39BFP" failures="0" tests="2" name="testCases.Test_Gallery_Menu" time="1.790" errors="0" timestamp="2020-07-28T05:36:22 CDT" skipped="0">
  <testcase classname="testCases.Test_Gallery_Menu" name="Gallery_Menu" time="1.383"/>
  <system-out/>
  <testcase classname="testCases.Test_Gallery_Menu" name="gallery" time="0.407"/>
  <system-out/>
</testsuite> <!-- testCases.Test_Gallery_Menu -->
