<?xml version="1.0" encoding="UTF-8"?>
<!-- Generated by org.testng.reporters.JUnitReportReporter -->
<testsuite hostname="DESKTOP-EQ39BFP" failures="0" tests="1" name="testCases.Test_Save_Search_Properly" time="3.678" errors="0" timestamp="2020-07-28T05:36:22 CDT" skipped="0">
  <testcase classname="testCases.Test_Save_Search_Properly" name="Save_Search_IsDisplayed" time="3.678"/>
  <system-out/>
</testsuite> <!-- testCases.Test_Save_Search_Properly -->
