<?xml version="1.0" encoding="UTF-8"?>
<!-- Generated by org.testng.reporters.JUnitReportReporter -->
<testsuite hostname="DESKTOP-EQ39BFP" failures="0" tests="1" name="testCases.Test_Newest_Menu_Contains" time="1.092" errors="0" timestamp="2020-07-28T05:36:22 CDT" skipped="0">
  <testcase classname="testCases.Test_Newest_Menu_Contains" name="Newest_Menu_Contains" time="1.092"/>
  <system-out/>
</testsuite> <!-- testCases.Test_Newest_Menu_Contains -->
