<?xml version="1.0" encoding="UTF-8"?>
<!-- Generated by org.testng.reporters.JUnitReportReporter -->
<testsuite hostname="DESKTOP-EQ39BFP" failures="0" tests="2" name="testCases.Test_Verify_Event_Calender" time="0.289" errors="0" timestamp="2020-07-28T05:28:29 CDT" skipped="0">
  <testcase classname="testCases.Test_Verify_Event_Calender" name="Verify_event_calendar_link_is_displayed" time="0.165"/>
  <system-out/>
  <testcase classname="testCases.Test_Verify_Event_Calender" name="event_calendar_is_Clickable" time="0.124"/>
  <system-out/>
</testsuite> <!-- testCases.Test_Verify_Event_Calender -->
