<?xml version="1.0" encoding="UTF-8"?>
<!-- Generated by org.testng.reporters.JUnitReportReporter -->
<testsuite hostname="DESKTOP-EQ39BFP" failures="0" tests="1" name="testCases.Test_Sum_All_The_search_List_Price" time="7.646" errors="0" timestamp="2020-07-28T05:29:20 CDT" skipped="0">
  <testcase classname="testCases.Test_Sum_All_The_search_List_Price" name="Sum_all_the_list_prices" time="7.646"/>
  <system-out/>
</testsuite> <!-- testCases.Test_Sum_All_The_search_List_Price -->
