<?xml version="1.0" encoding="UTF-8"?>
<!-- Generated by org.testng.reporters.JUnitReportReporter -->
<testsuite hostname="DESKTOP-EQ39BFP" failures="0" tests="2" name="testCases.Test_City_IsDisplayed" time="1.290" errors="0" timestamp="2020-07-28T05:28:29 CDT" skipped="0">
  <testcase classname="testCases.Test_City_IsDisplayed" name="verifyTest_City_IsDisplayed" time="1.251"/>
  <system-out>
Verified Test - City Is Displayed <a target="_blank" href="c:\pic.jpg">Login Screen link</a> <br> <a target="_blank" href="c:\pic.jpg"><img src="c:\pic.jpg"></img></a>  </system-out>
  <testcase classname="testCases.Test_City_IsDisplayed" name="verify_test_city_isEnabled_in_the_search_filter_page" time="0.039"/>
  <system-out/>
</testsuite> <!-- testCases.Test_City_IsDisplayed -->
