<?xml version="1.0" encoding="UTF-8"?>
<!-- Generated by org.testng.reporters.JUnitReportReporter -->
<testsuite hostname="DESKTOP-EQ39BFP" failures="0" tests="1" name="testCases.Test_Verfi_See" time="0.003" errors="0" timestamp="2020-07-28T05:28:29 CDT" skipped="0">
  <testcase classname="testCases.Test_Verfi_See" name="link" time="0.003"/>
  <system-out/>
</testsuite> <!-- testCases.Test_Verfi_See -->
