<?xml version="1.0" encoding="UTF-8"?>
<!-- Generated by org.testng.reporters.JUnitReportReporter -->
<testsuite hostname="DESKTOP-EQ39BFP" failures="0" tests="1" name="testCases.Test_Language_Change_E2E" time="25.945" errors="0" timestamp="2020-07-28T05:28:29 CDT" skipped="0">
  <testcase classname="testCases.Test_Language_Change_E2E" name="Language_Change" time="25.945"/>
  <system-out/>
</testsuite> <!-- testCases.Test_Language_Change_E2E -->
